\BOOKMARK [1][-]{section.1}{\376\377\144\130\211\201}{}% 1
\BOOKMARK [1][-]{section.2}{\376\377\116\373\122\241\151\202\217\360}{}% 2
\BOOKMARK [1][-]{section.3}{\376\377\152\041\127\213\130\236\137\072\133\236\232\214}{}% 3
\BOOKMARK [2][-]{subsection.3.1}{\376\377\146\364\122\240\221\315\211\306\134\100\220\350\117\341\140\157}{section.3}% 4
\BOOKMARK [2][-]{subsection.3.2}{\376\377\000A\000t\000t\000e\000n\000t\000i\000o\000n\000-\000A\000t\000t\000e\000n\000s\000u\000m\000\040\000R\000e\000a\000d\000e\000r}{section.3}% 5
\BOOKMARK [1][-]{section.4}{\376\377\000l\000o\000g\000\137\000l\000i\000n\000e\000a\000r\174\373\122\027\133\236\232\214}{}% 6
\BOOKMARK [2][-]{subsection.4.1}{\376\377\000B\000a\000s\000e\000l\000i\000n\000e}{section.4}% 7
\BOOKMARK [2][-]{subsection.4.2}{\376\377\130\236\122\240\000N\000N\217\223\121\372\176\323\147\234\116\072\145\260\162\171\137\201\166\204\133\236\232\214}{section.4}% 8
\BOOKMARK [3][-]{subsubsection.4.2.1}{\376\377\000l\000a\000m\000b\000d\000a\000M\000A\000R\000T}{subsection.4.2}% 9
\BOOKMARK [3][-]{subsubsection.4.2.2}{\376\377\000S\000V\000M}{subsection.4.2}% 10
\BOOKMARK [1][-]{section.5}{\376\377\000N\000N\150\106\147\266\116\013\207\215\121\145\176\317\121\170\162\171\137\201\166\204\174\373\122\027\133\236\232\214}{}% 11
\BOOKMARK [2][-]{subsection.5.1}{\376\377\000A\000t\000t\000e\000n\000t\000i\000v\000e\000\040\000R\000e\000a\000d\000e\000r}{section.5}% 12
\BOOKMARK [3][-]{subsubsection.5.1.1}{\376\377\000B\000a\000s\000e\000l\000i\000n\000e}{subsection.5.1}% 13
\BOOKMARK [3][-]{subsubsection.5.1.2}{\376\377\176\317\121\170\162\171\137\201\116\060\133\314\152\041\127\213\217\223\121\145}{subsection.5.1}% 14
\BOOKMARK [3][-]{subsubsection.5.1.3}{\376\377\176\317\121\170\162\171\137\201\165\050\116\216\214\003\145\164\000a\000t\000t\000e\000n\000t\000i\000o\000n\147\072\122\066}{subsection.5.1}% 15
\BOOKMARK [2][-]{subsection.5.2}{\376\377\000A\000t\000t\000e\000n\000s\000u\000m\000\040\000R\000e\000a\000d\000e\000r}{section.5}% 16
\BOOKMARK [3][-]{subsubsection.5.2.1}{\376\377\000B\000a\000s\000e\000l\000i\000n\000e}{subsection.5.2}% 17
\BOOKMARK [3][-]{subsubsection.5.2.2}{\376\377\176\317\121\170\162\171\137\201\116\060\133\314\152\041\127\213\217\223\121\145}{subsection.5.2}% 18
\BOOKMARK [3][-]{subsubsection.5.2.3}{\376\377\176\317\121\170\162\171\137\201\165\050\116\216\214\003\145\164\000a\000t\000t\000e\000n\000t\000i\000o\000n\147\072\122\066}{subsection.5.2}% 19
\BOOKMARK [2][-]{subsection.5.3}{\376\377\127\372\116\216\176\317\121\170\162\171\137\201\120\132\000R\000e\000r\000a\000n\000k\166\204\133\236\232\214}{section.5}% 20
\BOOKMARK [1][-]{section.6}{\376\377\137\123\122\115\133\236\232\214\140\073\176\323}{}% 21
\BOOKMARK [1][-]{section.7}{\376\377\116\013\116\000\153\145\133\236\232\214\213\241\122\022}{}% 22
